CRITICAL - 2021-12-20 07:36:13 --> Undefined variable $router
#0 C:\xampp\htdocs\indicadorEconomicoCodeIgniter\app\Config\Routes.php(53): CodeIgniter\Debug\Exceptions->errorHandler(2, 'Undefined varia...', 'C:\\xampp\\htdocs...', 53)
#1 C:\xampp\htdocs\indicadorEconomicoCodeIgniter\system\CodeIgniter.php(705): require('C:\\xampp\\htdocs...')
#2 C:\xampp\htdocs\indicadorEconomicoCodeIgniter\system\CodeIgniter.php(359): CodeIgniter\CodeIgniter->tryToRouteIt(Object(CodeIgniter\Router\RouteCollection))
#3 C:\xampp\htdocs\indicadorEconomicoCodeIgniter\system\CodeIgniter.php(318): CodeIgniter\CodeIgniter->handleRequest(NULL, Object(Config\Cache), false)
#4 C:\xampp\htdocs\indicadorEconomicoCodeIgniter\public\index.php(37): CodeIgniter\CodeIgniter->run()
#5 {main}
CRITICAL - 2021-12-20 07:36:17 --> Undefined variable $router
#0 C:\xampp\htdocs\indicadorEconomicoCodeIgniter\app\Config\Routes.php(53): CodeIgniter\Debug\Exceptions->errorHandler(2, 'Undefined varia...', 'C:\\xampp\\htdocs...', 53)
#1 C:\xampp\htdocs\indicadorEconomicoCodeIgniter\system\CodeIgniter.php(705): require('C:\\xampp\\htdocs...')
#2 C:\xampp\htdocs\indicadorEconomicoCodeIgniter\system\CodeIgniter.php(359): CodeIgniter\CodeIgniter->tryToRouteIt(Object(CodeIgniter\Router\RouteCollection))
#3 C:\xampp\htdocs\indicadorEconomicoCodeIgniter\system\CodeIgniter.php(318): CodeIgniter\CodeIgniter->handleRequest(NULL, Object(Config\Cache), false)
#4 C:\xampp\htdocs\indicadorEconomicoCodeIgniter\public\index.php(37): CodeIgniter\CodeIgniter->run()
#5 {main}
CRITICAL - 2021-12-20 08:33:45 --> Undefined variable $header
#0 C:\xampp\htdocs\indicadorEconomicoCodeIgniter\app\Views\ufs\listar.php(1): CodeIgniter\Debug\Exceptions->errorHandler(2, 'Undefined varia...', 'C:\\xampp\\htdocs...', 1)
#1 C:\xampp\htdocs\indicadorEconomicoCodeIgniter\system\View\View.php(214): include('C:\\xampp\\htdocs...')
#2 C:\xampp\htdocs\indicadorEconomicoCodeIgniter\system\View\View.php(217): CodeIgniter\View\View->CodeIgniter\View\{closure}()
#3 C:\xampp\htdocs\indicadorEconomicoCodeIgniter\system\Common.php(1097): CodeIgniter\View\View->render('ufs/listar', Array, true)
#4 C:\xampp\htdocs\indicadorEconomicoCodeIgniter\app\Controllers\Home.php(9): view('ufs/listar')
#5 C:\xampp\htdocs\indicadorEconomicoCodeIgniter\system\CodeIgniter.php(824): App\Controllers\Home->index()
#6 C:\xampp\htdocs\indicadorEconomicoCodeIgniter\system\CodeIgniter.php(410): CodeIgniter\CodeIgniter->runController(Object(App\Controllers\Home))
#7 C:\xampp\htdocs\indicadorEconomicoCodeIgniter\system\CodeIgniter.php(318): CodeIgniter\CodeIgniter->handleRequest(NULL, Object(Config\Cache), false)
#8 C:\xampp\htdocs\indicadorEconomicoCodeIgniter\public\index.php(37): CodeIgniter\CodeIgniter->run()
#9 {main}
CRITICAL - 2021-12-20 08:46:21 --> Undefined variable $datos
#0 C:\xampp\htdocs\indicadorEconomicoCodeIgniter\app\Controllers\UfController.php(27): CodeIgniter\Debug\Exceptions->errorHandler(2, 'Undefined varia...', 'C:\\xampp\\htdocs...', 27)
#1 C:\xampp\htdocs\indicadorEconomicoCodeIgniter\system\CodeIgniter.php(824): App\Controllers\UfController->crear()
#2 C:\xampp\htdocs\indicadorEconomicoCodeIgniter\system\CodeIgniter.php(410): CodeIgniter\CodeIgniter->runController(Object(App\Controllers\UfController))
#3 C:\xampp\htdocs\indicadorEconomicoCodeIgniter\system\CodeIgniter.php(318): CodeIgniter\CodeIgniter->handleRequest(NULL, Object(Config\Cache), false)
#4 C:\xampp\htdocs\indicadorEconomicoCodeIgniter\public\index.php(37): CodeIgniter\CodeIgniter->run()
#5 {main}
CRITICAL - 2021-12-20 15:10:18 --> Undefined variable $header
#0 C:\xampp\htdocs\indicadorEconomicoCodeIgniter\app\Views\ufs\listar.php(1): CodeIgniter\Debug\Exceptions->errorHandler(2, 'Undefined varia...', 'C:\\xampp\\htdocs...', 1)
#1 C:\xampp\htdocs\indicadorEconomicoCodeIgniter\system\View\View.php(214): include('C:\\xampp\\htdocs...')
#2 C:\xampp\htdocs\indicadorEconomicoCodeIgniter\system\View\View.php(217): CodeIgniter\View\View->CodeIgniter\View\{closure}()
#3 C:\xampp\htdocs\indicadorEconomicoCodeIgniter\system\Common.php(1097): CodeIgniter\View\View->render('ufs/listar', Array, true)
#4 C:\xampp\htdocs\indicadorEconomicoCodeIgniter\app\Controllers\Home.php(9): view('ufs/listar')
#5 C:\xampp\htdocs\indicadorEconomicoCodeIgniter\system\CodeIgniter.php(824): App\Controllers\Home->index()
#6 C:\xampp\htdocs\indicadorEconomicoCodeIgniter\system\CodeIgniter.php(410): CodeIgniter\CodeIgniter->runController(Object(App\Controllers\Home))
#7 C:\xampp\htdocs\indicadorEconomicoCodeIgniter\system\CodeIgniter.php(318): CodeIgniter\CodeIgniter->handleRequest(NULL, Object(Config\Cache), false)
#8 C:\xampp\htdocs\indicadorEconomicoCodeIgniter\public\index.php(37): CodeIgniter\CodeIgniter->run()
#9 {main}
CRITICAL - 2021-12-20 15:34:01 --> Undefined array key "id"
#0 C:\xampp\htdocs\indicadorEconomicoCodeIgniter\app\Views\ufs\listar.php(42): CodeIgniter\Debug\Exceptions->errorHandler(2, 'Undefined array...', 'C:\\xampp\\htdocs...', 42)
#1 C:\xampp\htdocs\indicadorEconomicoCodeIgniter\system\View\View.php(214): include('C:\\xampp\\htdocs...')
#2 C:\xampp\htdocs\indicadorEconomicoCodeIgniter\system\View\View.php(217): CodeIgniter\View\View->CodeIgniter\View\{closure}()
#3 C:\xampp\htdocs\indicadorEconomicoCodeIgniter\system\Common.php(1097): CodeIgniter\View\View->render('ufs/listar', Array, true)
#4 C:\xampp\htdocs\indicadorEconomicoCodeIgniter\app\Controllers\UfController.php(19): view('ufs/listar', Array)
#5 C:\xampp\htdocs\indicadorEconomicoCodeIgniter\system\CodeIgniter.php(824): App\Controllers\UfController->index()
#6 C:\xampp\htdocs\indicadorEconomicoCodeIgniter\system\CodeIgniter.php(410): CodeIgniter\CodeIgniter->runController(Object(App\Controllers\UfController))
#7 C:\xampp\htdocs\indicadorEconomicoCodeIgniter\system\CodeIgniter.php(318): CodeIgniter\CodeIgniter->handleRequest(NULL, Object(Config\Cache), false)
#8 C:\xampp\htdocs\indicadorEconomicoCodeIgniter\public\index.php(37): CodeIgniter\CodeIgniter->run()
#9 {main}
CRITICAL - 2021-12-20 16:23:32 --> preg_match(): Compilation failed: missing closing parenthesis at offset 16
#0 [internal function]: CodeIgniter\Debug\Exceptions->errorHandler(2, 'preg_match(): C...', 'C:\\xampp\\htdocs...', 385)
#1 C:\xampp\htdocs\indicadorEconomicoCodeIgniter\system\Router\Router.php(385): preg_match('#^editar/([0-9]...', 'editar/158', Array)
#2 C:\xampp\htdocs\indicadorEconomicoCodeIgniter\system\Router\Router.php(155): CodeIgniter\Router\Router->checkRoutes('editar/158')
#3 C:\xampp\htdocs\indicadorEconomicoCodeIgniter\system\CodeIgniter.php(718): CodeIgniter\Router\Router->handle('editar/158')
#4 C:\xampp\htdocs\indicadorEconomicoCodeIgniter\system\CodeIgniter.php(359): CodeIgniter\CodeIgniter->tryToRouteIt(Object(CodeIgniter\Router\RouteCollection))
#5 C:\xampp\htdocs\indicadorEconomicoCodeIgniter\system\CodeIgniter.php(318): CodeIgniter\CodeIgniter->handleRequest(NULL, Object(Config\Cache), false)
#6 C:\xampp\htdocs\indicadorEconomicoCodeIgniter\public\index.php(37): CodeIgniter\CodeIgniter->run()
#7 {main}
CRITICAL - 2021-12-20 17:47:25 --> Undefined variable $header
#0 C:\xampp\htdocs\indicadorEconomicoCodeIgniter\app\Views\ufs\listar.php(1): CodeIgniter\Debug\Exceptions->errorHandler(2, 'Undefined varia...', 'C:\\xampp\\htdocs...', 1)
#1 C:\xampp\htdocs\indicadorEconomicoCodeIgniter\system\View\View.php(214): include('C:\\xampp\\htdocs...')
#2 C:\xampp\htdocs\indicadorEconomicoCodeIgniter\system\View\View.php(217): CodeIgniter\View\View->CodeIgniter\View\{closure}()
#3 C:\xampp\htdocs\indicadorEconomicoCodeIgniter\system\Common.php(1097): CodeIgniter\View\View->render('ufs/listar', Array, true)
#4 C:\xampp\htdocs\indicadorEconomicoCodeIgniter\app\Controllers\Home.php(9): view('ufs/listar')
#5 C:\xampp\htdocs\indicadorEconomicoCodeIgniter\system\CodeIgniter.php(824): App\Controllers\Home->index()
#6 C:\xampp\htdocs\indicadorEconomicoCodeIgniter\system\CodeIgniter.php(410): CodeIgniter\CodeIgniter->runController(Object(App\Controllers\Home))
#7 C:\xampp\htdocs\indicadorEconomicoCodeIgniter\system\CodeIgniter.php(318): CodeIgniter\CodeIgniter->handleRequest(NULL, Object(Config\Cache), false)
#8 C:\xampp\htdocs\indicadorEconomicoCodeIgniter\public\index.php(37): CodeIgniter\CodeIgniter->run()
#9 {main}
CRITICAL - 2021-12-20 17:48:01 --> Undefined variable $header
#0 C:\xampp\htdocs\indicadorEconomicoCodeIgniter\app\Views\ufs\listar.php(1): CodeIgniter\Debug\Exceptions->errorHandler(2, 'Undefined varia...', 'C:\\xampp\\htdocs...', 1)
#1 C:\xampp\htdocs\indicadorEconomicoCodeIgniter\system\View\View.php(214): include('C:\\xampp\\htdocs...')
#2 C:\xampp\htdocs\indicadorEconomicoCodeIgniter\system\View\View.php(217): CodeIgniter\View\View->CodeIgniter\View\{closure}()
#3 C:\xampp\htdocs\indicadorEconomicoCodeIgniter\system\Common.php(1097): CodeIgniter\View\View->render('ufs/listar', Array, true)
#4 C:\xampp\htdocs\indicadorEconomicoCodeIgniter\app\Controllers\Home.php(9): view('ufs/listar')
#5 C:\xampp\htdocs\indicadorEconomicoCodeIgniter\system\CodeIgniter.php(824): App\Controllers\Home->index()
#6 C:\xampp\htdocs\indicadorEconomicoCodeIgniter\system\CodeIgniter.php(410): CodeIgniter\CodeIgniter->runController(Object(App\Controllers\Home))
#7 C:\xampp\htdocs\indicadorEconomicoCodeIgniter\system\CodeIgniter.php(318): CodeIgniter\CodeIgniter->handleRequest(NULL, Object(Config\Cache), false)
#8 C:\xampp\htdocs\indicadorEconomicoCodeIgniter\public\index.php(37): CodeIgniter\CodeIgniter->run()
#9 {main}
CRITICAL - 2021-12-20 17:53:23 --> Undefined variable $header
#0 C:\xampp\htdocs\indicadorEconomicoCodeIgniter\app\Views\ufs\listar.php(1): CodeIgniter\Debug\Exceptions->errorHandler(2, 'Undefined varia...', 'C:\\xampp\\htdocs...', 1)
#1 C:\xampp\htdocs\indicadorEconomicoCodeIgniter\system\View\View.php(214): include('C:\\xampp\\htdocs...')
#2 C:\xampp\htdocs\indicadorEconomicoCodeIgniter\system\View\View.php(217): CodeIgniter\View\View->CodeIgniter\View\{closure}()
#3 C:\xampp\htdocs\indicadorEconomicoCodeIgniter\system\Common.php(1097): CodeIgniter\View\View->render('ufs/listar', Array, true)
#4 C:\xampp\htdocs\indicadorEconomicoCodeIgniter\app\Controllers\Home.php(9): view('ufs/listar')
#5 C:\xampp\htdocs\indicadorEconomicoCodeIgniter\system\CodeIgniter.php(824): App\Controllers\Home->index()
#6 C:\xampp\htdocs\indicadorEconomicoCodeIgniter\system\CodeIgniter.php(410): CodeIgniter\CodeIgniter->runController(Object(App\Controllers\Home))
#7 C:\xampp\htdocs\indicadorEconomicoCodeIgniter\system\CodeIgniter.php(318): CodeIgniter\CodeIgniter->handleRequest(NULL, Object(Config\Cache), false)
#8 C:\xampp\htdocs\indicadorEconomicoCodeIgniter\public\index.php(37): CodeIgniter\CodeIgniter->run()
#9 {main}
CRITICAL - 2021-12-20 18:02:34 --> Undefined array key "id"
#0 C:\xampp\htdocs\indicadorEconomicoCodeIgniter\app\Controllers\UfController.php(16): CodeIgniter\Debug\Exceptions->errorHandler(2, 'Undefined array...', 'C:\\xampp\\htdocs...', 16)
#1 C:\xampp\htdocs\indicadorEconomicoCodeIgniter\system\CodeIgniter.php(824): App\Controllers\UfController->index()
#2 C:\xampp\htdocs\indicadorEconomicoCodeIgniter\system\CodeIgniter.php(410): CodeIgniter\CodeIgniter->runController(Object(App\Controllers\UfController))
#3 C:\xampp\htdocs\indicadorEconomicoCodeIgniter\system\CodeIgniter.php(318): CodeIgniter\CodeIgniter->handleRequest(NULL, Object(Config\Cache), false)
#4 C:\xampp\htdocs\indicadorEconomicoCodeIgniter\public\index.php(37): CodeIgniter\CodeIgniter->run()
#5 {main}
CRITICAL - 2021-12-20 18:02:46 --> Undefined array key "fecha"
#0 C:\xampp\htdocs\indicadorEconomicoCodeIgniter\app\Controllers\UfController.php(16): CodeIgniter\Debug\Exceptions->errorHandler(2, 'Undefined array...', 'C:\\xampp\\htdocs...', 16)
#1 C:\xampp\htdocs\indicadorEconomicoCodeIgniter\system\CodeIgniter.php(824): App\Controllers\UfController->index()
#2 C:\xampp\htdocs\indicadorEconomicoCodeIgniter\system\CodeIgniter.php(410): CodeIgniter\CodeIgniter->runController(Object(App\Controllers\UfController))
#3 C:\xampp\htdocs\indicadorEconomicoCodeIgniter\system\CodeIgniter.php(318): CodeIgniter\CodeIgniter->handleRequest(NULL, Object(Config\Cache), false)
#4 C:\xampp\htdocs\indicadorEconomicoCodeIgniter\public\index.php(37): CodeIgniter\CodeIgniter->run()
#5 {main}
CRITICAL - 2021-12-20 18:04:09 --> Undefined array key "fecha"
#0 C:\xampp\htdocs\indicadorEconomicoCodeIgniter\app\Controllers\UfController.php(16): CodeIgniter\Debug\Exceptions->errorHandler(2, 'Undefined array...', 'C:\\xampp\\htdocs...', 16)
#1 C:\xampp\htdocs\indicadorEconomicoCodeIgniter\system\CodeIgniter.php(824): App\Controllers\UfController->index()
#2 C:\xampp\htdocs\indicadorEconomicoCodeIgniter\system\CodeIgniter.php(410): CodeIgniter\CodeIgniter->runController(Object(App\Controllers\UfController))
#3 C:\xampp\htdocs\indicadorEconomicoCodeIgniter\system\CodeIgniter.php(318): CodeIgniter\CodeIgniter->handleRequest(NULL, Object(Config\Cache), false)
#4 C:\xampp\htdocs\indicadorEconomicoCodeIgniter\public\index.php(37): CodeIgniter\CodeIgniter->run()
#5 {main}
CRITICAL - 2021-12-20 18:04:21 --> sizeof(): Argument #1 ($value) must be of type Countable|array, App\Models\UfModel given
#0 C:\xampp\htdocs\indicadorEconomicoCodeIgniter\app\Controllers\UfController.php(16): sizeof(Object(App\Models\UfModel))
#1 C:\xampp\htdocs\indicadorEconomicoCodeIgniter\system\CodeIgniter.php(824): App\Controllers\UfController->index()
#2 C:\xampp\htdocs\indicadorEconomicoCodeIgniter\system\CodeIgniter.php(410): CodeIgniter\CodeIgniter->runController(Object(App\Controllers\UfController))
#3 C:\xampp\htdocs\indicadorEconomicoCodeIgniter\system\CodeIgniter.php(318): CodeIgniter\CodeIgniter->handleRequest(NULL, Object(Config\Cache), false)
#4 C:\xampp\htdocs\indicadorEconomicoCodeIgniter\public\index.php(37): CodeIgniter\CodeIgniter->run()
#5 {main}
CRITICAL - 2021-12-20 18:04:31 --> strlen(): Argument #1 ($string) must be of type string, App\Models\UfModel given
#0 C:\xampp\htdocs\indicadorEconomicoCodeIgniter\app\Controllers\UfController.php(16): strlen(Object(App\Models\UfModel))
#1 C:\xampp\htdocs\indicadorEconomicoCodeIgniter\system\CodeIgniter.php(824): App\Controllers\UfController->index()
#2 C:\xampp\htdocs\indicadorEconomicoCodeIgniter\system\CodeIgniter.php(410): CodeIgniter\CodeIgniter->runController(Object(App\Controllers\UfController))
#3 C:\xampp\htdocs\indicadorEconomicoCodeIgniter\system\CodeIgniter.php(318): CodeIgniter\CodeIgniter->handleRequest(NULL, Object(Config\Cache), false)
#4 C:\xampp\htdocs\indicadorEconomicoCodeIgniter\public\index.php(37): CodeIgniter\CodeIgniter->run()
#5 {main}
CRITICAL - 2021-12-20 18:08:51 --> Cannot use object of type App\Models\UfModel as array
#0 C:\xampp\htdocs\indicadorEconomicoCodeIgniter\system\CodeIgniter.php(824): App\Controllers\UfController->index()
#1 C:\xampp\htdocs\indicadorEconomicoCodeIgniter\system\CodeIgniter.php(410): CodeIgniter\CodeIgniter->runController(Object(App\Controllers\UfController))
#2 C:\xampp\htdocs\indicadorEconomicoCodeIgniter\system\CodeIgniter.php(318): CodeIgniter\CodeIgniter->handleRequest(NULL, Object(Config\Cache), false)
#3 C:\xampp\htdocs\indicadorEconomicoCodeIgniter\public\index.php(37): CodeIgniter\CodeIgniter->run()
#4 {main}
CRITICAL - 2021-12-20 18:09:12 --> Object of class App\Models\UfModel could not be converted to string
#0 C:\xampp\htdocs\indicadorEconomicoCodeIgniter\system\CodeIgniter.php(824): App\Controllers\UfController->index()
#1 C:\xampp\htdocs\indicadorEconomicoCodeIgniter\system\CodeIgniter.php(410): CodeIgniter\CodeIgniter->runController(Object(App\Controllers\UfController))
#2 C:\xampp\htdocs\indicadorEconomicoCodeIgniter\system\CodeIgniter.php(318): CodeIgniter\CodeIgniter->handleRequest(NULL, Object(Config\Cache), false)
#3 C:\xampp\htdocs\indicadorEconomicoCodeIgniter\public\index.php(37): CodeIgniter\CodeIgniter->run()
#4 {main}
CRITICAL - 2021-12-20 18:09:47 --> Trying to access array offset on value of type bool
#0 C:\xampp\htdocs\indicadorEconomicoCodeIgniter\app\Controllers\UfController.php(38): CodeIgniter\Debug\Exceptions->errorHandler(2, 'Trying to acces...', 'C:\\xampp\\htdocs...', 38)
#1 C:\xampp\htdocs\indicadorEconomicoCodeIgniter\system\CodeIgniter.php(824): App\Controllers\UfController->index()
#2 C:\xampp\htdocs\indicadorEconomicoCodeIgniter\system\CodeIgniter.php(410): CodeIgniter\CodeIgniter->runController(Object(App\Controllers\UfController))
#3 C:\xampp\htdocs\indicadorEconomicoCodeIgniter\system\CodeIgniter.php(318): CodeIgniter\CodeIgniter->handleRequest(NULL, Object(Config\Cache), false)
#4 C:\xampp\htdocs\indicadorEconomicoCodeIgniter\public\index.php(37): CodeIgniter\CodeIgniter->run()
#5 {main}
CRITICAL - 2021-12-20 18:10:21 --> Cannot use object of type App\Models\UfModel as array
#0 C:\xampp\htdocs\indicadorEconomicoCodeIgniter\system\CodeIgniter.php(824): App\Controllers\UfController->index()
#1 C:\xampp\htdocs\indicadorEconomicoCodeIgniter\system\CodeIgniter.php(410): CodeIgniter\CodeIgniter->runController(Object(App\Controllers\UfController))
#2 C:\xampp\htdocs\indicadorEconomicoCodeIgniter\system\CodeIgniter.php(318): CodeIgniter\CodeIgniter->handleRequest(NULL, Object(Config\Cache), false)
#3 C:\xampp\htdocs\indicadorEconomicoCodeIgniter\public\index.php(37): CodeIgniter\CodeIgniter->run()
#4 {main}
CRITICAL - 2021-12-20 18:15:31 --> sizeof(): Argument #1 ($value) must be of type Countable|array, null given
#0 C:\xampp\htdocs\indicadorEconomicoCodeIgniter\app\Controllers\UfController.php(39): sizeof(NULL)
#1 C:\xampp\htdocs\indicadorEconomicoCodeIgniter\system\CodeIgniter.php(824): App\Controllers\UfController->index()
#2 C:\xampp\htdocs\indicadorEconomicoCodeIgniter\system\CodeIgniter.php(410): CodeIgniter\CodeIgniter->runController(Object(App\Controllers\UfController))
#3 C:\xampp\htdocs\indicadorEconomicoCodeIgniter\system\CodeIgniter.php(318): CodeIgniter\CodeIgniter->handleRequest(NULL, Object(Config\Cache), false)
#4 C:\xampp\htdocs\indicadorEconomicoCodeIgniter\public\index.php(37): CodeIgniter\CodeIgniter->run()
#5 {main}
CRITICAL - 2021-12-20 18:15:32 --> sizeof(): Argument #1 ($value) must be of type Countable|array, null given
#0 C:\xampp\htdocs\indicadorEconomicoCodeIgniter\app\Controllers\UfController.php(39): sizeof(NULL)
#1 C:\xampp\htdocs\indicadorEconomicoCodeIgniter\system\CodeIgniter.php(824): App\Controllers\UfController->index()
#2 C:\xampp\htdocs\indicadorEconomicoCodeIgniter\system\CodeIgniter.php(410): CodeIgniter\CodeIgniter->runController(Object(App\Controllers\UfController))
#3 C:\xampp\htdocs\indicadorEconomicoCodeIgniter\system\CodeIgniter.php(318): CodeIgniter\CodeIgniter->handleRequest(NULL, Object(Config\Cache), false)
#4 C:\xampp\htdocs\indicadorEconomicoCodeIgniter\public\index.php(37): CodeIgniter\CodeIgniter->run()
#5 {main}
CRITICAL - 2021-12-20 18:16:33 --> sizeof(): Argument #1 ($value) must be of type Countable|array, App\Models\UfModel given
#0 C:\xampp\htdocs\indicadorEconomicoCodeIgniter\app\Controllers\UfController.php(40): sizeof(Object(App\Models\UfModel))
#1 C:\xampp\htdocs\indicadorEconomicoCodeIgniter\system\CodeIgniter.php(824): App\Controllers\UfController->index()
#2 C:\xampp\htdocs\indicadorEconomicoCodeIgniter\system\CodeIgniter.php(410): CodeIgniter\CodeIgniter->runController(Object(App\Controllers\UfController))
#3 C:\xampp\htdocs\indicadorEconomicoCodeIgniter\system\CodeIgniter.php(318): CodeIgniter\CodeIgniter->handleRequest(NULL, Object(Config\Cache), false)
#4 C:\xampp\htdocs\indicadorEconomicoCodeIgniter\public\index.php(37): CodeIgniter\CodeIgniter->run()
#5 {main}
CRITICAL - 2021-12-20 18:17:37 --> Undefined variable $ufModel
#0 C:\xampp\htdocs\indicadorEconomicoCodeIgniter\app\Controllers\UfController.php(40): CodeIgniter\Debug\Exceptions->errorHandler(2, 'Undefined varia...', 'C:\\xampp\\htdocs...', 40)
#1 C:\xampp\htdocs\indicadorEconomicoCodeIgniter\system\CodeIgniter.php(824): App\Controllers\UfController->index()
#2 C:\xampp\htdocs\indicadorEconomicoCodeIgniter\system\CodeIgniter.php(410): CodeIgniter\CodeIgniter->runController(Object(App\Controllers\UfController))
#3 C:\xampp\htdocs\indicadorEconomicoCodeIgniter\system\CodeIgniter.php(318): CodeIgniter\CodeIgniter->handleRequest(NULL, Object(Config\Cache), false)
#4 C:\xampp\htdocs\indicadorEconomicoCodeIgniter\public\index.php(37): CodeIgniter\CodeIgniter->run()
#5 {main}
ERROR - 2021-12-20 21:39:03 --> Illegal parameter data types int and row for operation '='
CRITICAL - 2021-12-20 21:39:03 --> Illegal parameter data types int and row for operation '='
#0 C:\xampp\htdocs\indicadorEconomicoCodeIgniter\system\Database\MySQLi\Connection.php(292): mysqli->query('SELECT *\nFROM `...', 0)
#1 C:\xampp\htdocs\indicadorEconomicoCodeIgniter\system\Database\BaseConnection.php(670): CodeIgniter\Database\MySQLi\Connection->execute('SELECT *\nFROM `...')
#2 C:\xampp\htdocs\indicadorEconomicoCodeIgniter\system\Database\BaseConnection.php(598): CodeIgniter\Database\BaseConnection->simpleQuery('SELECT *\nFROM `...')
#3 C:\xampp\htdocs\indicadorEconomicoCodeIgniter\system\Database\BaseBuilder.php(1443): CodeIgniter\Database\BaseConnection->query('SELECT *\nFROM `...', Array, false)
#4 C:\xampp\htdocs\indicadorEconomicoCodeIgniter\system\Model.php(145): CodeIgniter\Database\BaseBuilder->get()
#5 C:\xampp\htdocs\indicadorEconomicoCodeIgniter\system\BaseModel.php(523): CodeIgniter\Model->doFind(false, NULL)
#6 C:\xampp\htdocs\indicadorEconomicoCodeIgniter\app\Controllers\UfController.php(14): CodeIgniter\BaseModel->find()
#7 C:\xampp\htdocs\indicadorEconomicoCodeIgniter\system\CodeIgniter.php(824): App\Controllers\UfController->index()
#8 C:\xampp\htdocs\indicadorEconomicoCodeIgniter\system\CodeIgniter.php(410): CodeIgniter\CodeIgniter->runController(Object(App\Controllers\UfController))
#9 C:\xampp\htdocs\indicadorEconomicoCodeIgniter\system\CodeIgniter.php(318): CodeIgniter\CodeIgniter->handleRequest(NULL, Object(Config\Cache), false)
#10 C:\xampp\htdocs\indicadorEconomicoCodeIgniter\public\index.php(37): CodeIgniter\CodeIgniter->run()
#11 {main}
